<?xml version="1.0" encoding="UTF-8"?>
<!-- Generated by org.testng.reporters.JUnitReportReporter -->
<testsuite skipped="0" hostname="DESKTOP-705GI6Q" name="Demo.Test1" tests="1" failures="0" timestamp="22 Aug 2019 05:36:58 GMT" time="13.848" errors="0">
  <testcase name="test" time="13.848" classname="Demo.Test1"/>
</testsuite> <!-- Demo.Test1 -->
