<?xml version="1.0" encoding="UTF-8"?>
<!-- Generated by org.testng.reporters.JUnitReportReporter -->
<testsuite skipped="0" hostname="DESKTOP-705GI6Q" name="com.demo.ActiTime" tests="1" failures="0" timestamp="26 Aug 2019 12:16:17 GMT" time="16.578" errors="0">
  <testcase name="actiTimeTc1" time="16.578" classname="com.demo.ActiTime"/>
</testsuite> <!-- com.demo.ActiTime -->
